# Preference setting overrides
gui_create_pref_key -category {Globals} -key {load_detail_for_funcov} -value_type {bool} -value {false}

# State setting overrides
gui_state_default_create -off -ini
gui_set_state_value -category Layout -key child_console_size_x -value 2496
gui_set_state_value -category Layout -key child_console_size_y -value 411
gui_set_state_value -category Layout -key child_data_coltype -value 82
gui_set_state_value -category Layout -key child_data_colvalue -value 136
gui_set_state_value -category Layout -key child_data_colvariable -value 176
gui_set_state_value -category Layout -key child_data_size_x -value 398
gui_set_state_value -category Layout -key child_data_size_y -value 916
gui_set_state_value -category Layout -key child_hier_col3 -value {-1}
gui_set_state_value -category Layout -key child_hier_colhier -value 202
gui_set_state_value -category Layout -key child_hier_colpd -value 0
gui_set_state_value -category Layout -key child_hier_size_x -value 304
gui_set_state_value -category Layout -key child_hier_size_y -value 916
gui_set_state_value -category Layout -key child_source_docknewline -value false
gui_set_state_value -category Layout -key child_source_pos_x -value {-2}
gui_set_state_value -category Layout -key child_source_pos_y -value {-15}
gui_set_state_value -category Layout -key child_source_size_x -value 1797
gui_set_state_value -category Layout -key child_source_size_y -value 911
gui_set_state_value -category Layout -key child_wave_colname -value 360
gui_set_state_value -category Layout -key child_wave_colvalue -value 360
gui_set_state_value -category Layout -key child_wave_left -value 725
gui_set_state_value -category Layout -key child_wave_right -value 1770
gui_set_state_value -category Layout -key main_pos_x -value 8
gui_set_state_value -category Layout -key main_pos_y -value 449
gui_set_state_value -category Layout -key main_size_x -value 2504
gui_set_state_value -category Layout -key main_size_y -value 1857
gui_set_state_value -category Layout -key stand_wave_child_docknewline -value false
gui_set_state_value -category Layout -key stand_wave_child_pos_x -value {-2}
gui_set_state_value -category Layout -key stand_wave_child_pos_y -value {-15}
gui_set_state_value -category Layout -key stand_wave_child_size_x -value 2505
gui_set_state_value -category Layout -key stand_wave_child_size_y -value 1326
gui_set_state_value -category Layout -key stand_wave_top_pos_x -value 8
gui_set_state_value -category Layout -key stand_wave_top_pos_y -value 449
gui_set_state_value -category Layout -key stand_wave_top_size_x -value 2508
gui_set_state_value -category Layout -key stand_wave_top_size_y -value 1861
gui_create_state_key -category FindDialog -key m_pMatchCase -value_type bool -value false
gui_create_state_key -category FindDialog -key m_pMatchWord -value_type bool -value false
gui_create_state_key -category FindDialog -key m_pUseCombo -value_type string -value {}
gui_create_state_key -category FindDialog -key m_pWrapAround -value_type bool -value true
gui_state_default_create -off

# Begin command logging
gui_sim_run Ucli -exe ./simv -args {-ucligui  } -dir .
gui_list_select -id Hier.1 -current_item_name Multiplexer -current_item_type Scope  -selected  {  }
gui_list_select -id Hier.1 -current_item_name ShiftRegister_PIPO -current_item_type Scope  -selected  { ShiftRegister_PIPO   }
gui_list_select -id Hier.1 -current_item_name testbench -current_item_type Scope  -selected  { testbench   }
gui_list_select -id Hier.1 -current_item_name ShiftRegister_PIPO -current_item_type Scope  -selected  { ShiftRegister_PIPO   }
gui_list_select -id Hier.1 -current_item_name Synchronizer -current_item_type Scope  -selected  { Synchronizer   }
gui_list_select -id Hier.1 -current_item_name Multiplexer -current_item_type Scope  -selected  { Multiplexer   }
gui_list_select -id Hier.1 -current_item_name BarrelShifter -current_item_type Scope  -selected  { BarrelShifter   }
gui_list_select -id Hier.1 -current_item_name Decoder -current_item_type Scope  -selected  { Decoder   }
gui_list_expand -id  Hier.1   testbench
gui_list_select -id Hier.1 -current_item_name testbench.R -current_item_type Scope  -selected  { testbench.R   }
gui_list_select -id Data.1 -selected  { testbench.R.R_en   }
gui_list_select -id Data.1 -selected  { testbench.R.reset   }
gui_list_select -id Data.1 -selected  { testbench.R.clock   }
gui_list_select -id Data.1 { testbench.R.reset  testbench.R.serialIn  {testbench.R.messageByte[7:0]}  testbench.R.isNew  testbench.R.is2bitErr  testbench.R.fs_error  testbench.R.done  testbench.R.S_en  testbench.R.R_en  testbench.R.R_clear  testbench.R.C_en  testbench.R.C_clear  {testbench.R.C_count[3:0]}  testbench.R.E_en  testbench.R.E_clear  {testbench.R.E_count[3:0]}  {testbench.R.mux_out[7:0]}  {testbench.R.received_message[12:0]}  {testbench.R.sm[12:0]}   }
gui_open_window Wave
gui_list_add -id Wave.1 -from Data.1 { testbench.R.clock testbench.R.reset testbench.R.serialIn {testbench.R.messageByte[7:0]} testbench.R.isNew testbench.R.is2bitErr testbench.R.fs_error testbench.R.done testbench.R.S_en testbench.R.R_en testbench.R.R_clear testbench.R.C_en testbench.R.C_clear {testbench.R.C_count[3:0]} testbench.R.E_en testbench.R.E_clear {testbench.R.E_count[3:0]} {testbench.R.mux_out[7:0]} {testbench.R.received_message[12:0]} {testbench.R.sm[12:0]} } -insertionbar
gui_sim_continue  
gui_wv_zoom_timerange -id  Wave.1 2990 3188
gui_zoom -window Wave.1 -factor 0.5
gui_zoom -window Wave.1 -factor 0.5
gui_wv_zoom_timerange -id  Wave.1 2693 3185
gui_marker_move -id  Wave.1 C1 2715
gui_marker_move -id  Wave.1 C1 2706
gui_marker_move -id  Wave.1 C1 2711
gui_marker_move -id  Wave.1 C1 2721
gui_marker_move -id  Wave.1 C1 2734
gui_marker_move -id  Wave.1 C1 2747
gui_list_select -id Wave.1 -selected  { {testbench.R.mux_out[7:0]}   }
gui_list_expand -id  Wave.1   {testbench.R.E_count[3:0]}
gui_list_collapse -id  Wave.1   {testbench.R.E_count[3:0]}
gui_list_expand -id  Wave.1   {testbench.R.E_count[3:0]}
gui_list_collapse -id  Wave.1   {testbench.R.E_count[3:0]}
gui_list_expand -id  Wave.1   {testbench.R.mux_out[7:0]}
gui_list_collapse -id  Wave.1   {testbench.R.mux_out[7:0]}
gui_list_expand -id  Wave.1   {testbench.R.E_count[3:0]}
gui_list_collapse -id  Wave.1   {testbench.R.E_count[3:0]}
gui_list_expand -id  Wave.1   {testbench.R.E_count[3:0]}
gui_list_collapse -id  Wave.1   {testbench.R.E_count[3:0]}
gui_list_expand -id  Wave.1   {testbench.R.messageByte[7:0]}
gui_list_collapse -id  Wave.1   {testbench.R.messageByte[7:0]}
gui_list_select -id Wave.1 -selected  { testbench.R.C_en   }
gui_list_select -id Wave.1 -selected  { testbench.R.R_clear   }
gui_list_select -id Wave.1 -selected  { {testbench.R.sm[12:0]}   }
gui_list_select -id Wave.1 -selected  { {testbench.R.received_message[12:0]}   }
gui_list_select -id Wave.1 -selected  { {testbench.R.mux_out[7:0]}   }
gui_list_select -id Wave.1 -selected  { testbench.R.E_clear   }
gui_list_select -id Wave.1 -selected  { testbench.R.E_en   }
gui_list_select -id Wave.1 -selected  { {testbench.R.C_count[3:0]}   }
gui_list_select -id Wave.1 -selected  { testbench.R.C_clear   }
gui_close_window -window TopLevel.2
gui_list_expand -id  Hier.1   testbench.R
