21:55:28    233 --> ...                                  [tcl] ucliGUI::start /afs/andrew.cmu.edu/usr24/xinyew/public/lab4/simv -ucligui 
21:55:28    234 --> ...                                      [tcl] set ucliGUI::state
21:55:29    235 --> ...                                          [tcl] set ucliGUI::state
21:55:29    236 --> ...                                              [tcl] ucliCore::getToolPID
21:55:29    237 --> ...                                                  [tcl] synopsys::env hasTB
21:55:29    238 --> ...                                                      [tcl] trigger_hier_stack_context_switch 0
21:55:29    239 --> ...                                                          [tcl] synUtils::setDVEInitPhase 1
21:55:29    240 --> ...                                                              [tcl] gui_get_env SIMSETUP::SIMVPD
21:55:29    241 --> ...                                                                  [tcl] synopsys::dump -type VPD -file /afs/andrew.cmu.edu/usr24/xinyew/public/lab4/inter.vpd -locking
21:55:29    242 --> ...                                                                      [tcl] synopsys::dump -autoflush on -fid VPD2
21:55:29    243 --> ...                                                                          [tcl] set ::dve_fid VPD2
21:55:29    244 --> ...                                                                              [tcl] synUtils::setDVEInitPhase 0
21:55:29    245 --> ...                                                                                  [tcl] ucliCore::getToolPID
21:55:29    246 --> ...                                                                                      [tcl] synUtils::sendTool -active _icl_setToolSocket /tmp/smlnp66MVFj
21:55:29    247 --> ...                                                                                          [tcl] synUtils::sendTool -active {_icl_start_rpc -version "T-2022.06_Full64" -sync_file /tmp/vcs_dve_rpc.xinyew.12625}
21:55:29    248 --> ...                                                                                              [tcl] synUtils::sendTool -active {_icl_createSharedMemory /tmp/vcs_dve_general.xinyew.12625}
21:55:29    249 --> ...                                                                                                  [tcl] config endofsim noexit
21:55:29    250 --> ...  [tcl] config onfail enable all
21:55:29    251 --> ...      [tcl] config syscaddplainmembers
21:55:29    252 --> ...          [tcl] config syscaddsourcenames
21:55:29    253 --> ...              [tcl] config syscaddstructtypes
21:55:29    254 --> ...                  [tcl] synopsys::listing -disable
21:55:29    255 --> ...                      [tcl] # Begin_DVE_Session_Save_Info
21:55:29    256 --> ...                          [tcl] # DVE restart session
21:55:29    257 --> ...                              [tcl] # Saved on Tue Mar 28 21:55:28 2023
21:55:29    258 --> ...                                  [tcl] # Designs open: 1
21:55:29    259 --> ...                                      [tcl] #   Sim: /afs/andrew.cmu.edu/usr24/xinyew/public/lab4/simv
21:55:29    260 --> ...                                          [tcl] # Toplevel windows open: 2
21:55:29    261 --> ...                                              [tcl] # 	TopLevel.1
21:55:29    262 --> ...                                                  [tcl] # 	TopLevel.2
21:55:29    263 --> ...                                                      [tcl] #   Source.1: MagComp
21:55:29    264 --> ...                                                          [tcl] #   Wave.1: 10 signals
21:55:29    265 --> ...                                                              [tcl] #   Group count = 3
21:55:29    266 --> ...                                                                  [tcl] #   Group Group1 signal count = 31
21:55:29    267 --> ...                                                                      [tcl] #   Group reg1 signal count = 6
21:55:29    268 --> ...                                                                          [tcl] #   Group reg2 signal count = 4
21:55:29    269 --> ...                                                                              [tcl] # End_DVE_Session_Save_Info
21:55:29    270 --> ...                                                                                  [tcl] # DVE version: T-2022.06_Full64
21:55:29    271 --> ...                                                                                      [tcl] # DVE build date: May 31 2022 20:53:03
21:55:29    272 --> ...                                                                                          [tcl] #<Session mode="Restart" path=".restartSimSession.tcl" type="Debug">
21:55:29    273 --> ...                                                                                              [tcl] gui_set_loading_session_type Restart
21:55:29    274 --> ...                                                                                                  [tcl] gui_continuetime_set
21:55:29    275 --> ...  [tcl] gui_clear_window -type Wave
21:55:29    276 --> ...      [tcl] gui_clear_window -type List
21:55:29    277 --> ...          [tcl] # Application preferences
21:55:29    278 --> ...              [tcl] gui_set_pref_value -key app_default_font -value {Helvetica,10,-1,5,50,0,0,0,0,0}
21:55:29    279 --> ...                  [tcl] gui_src_preferences -tabstop 8 -maxbits 24 -windownumber 1
21:55:29    280 --> ...                      [tcl] #<WindowLayout>
21:55:29    281 --> ...                          [tcl] # DVE top-level session
21:55:29    282 --> ...                              [tcl] # Create and position top-level window: TopLevel.1
21:55:29    283 --> ...                                  [tcl] set TopLevel.1 TopLevel.1
21:55:29    284 --> ...                                      [tcl] # Docked window settings
21:55:29    285 --> ...                                          [tcl] set HSPane.1 HSPane.1
21:55:29    286 --> ...                                              [tcl] set Hier.1 Hier.1
21:55:29    287 --> ...                                                  [tcl] set DLPane.1 DLPane.1
21:55:29    288 --> ...                                                      [tcl] set Data.1 Data.1
21:55:29    289 --> ...                                                          [tcl] set Console.1 Console.1
21:55:29    290 --> ...                                                              [tcl] gui_sync_global -id ${TopLevel.1} -option true
21:55:29    291 --> ...                                                                  [tcl] # MDI window settings
21:55:29    292 --> ...                                                                      [tcl] set Source.1 Source.1
21:55:29    293 --> ...                                                                          [tcl] gui_update_layout -id ${Source.1} {{show_state maximized} {dock_state undocked} {dock_on_new_line false}}
21:55:29    294 --> ...                                                                              [tcl] # End MDI window settings
21:55:29    295 --> ...                                                                                  [tcl] # Create and position top-level window: TopLevel.2
21:55:29    296 --> ...                                                                                      [tcl] set TopLevel.2 TopLevel.2
21:55:29    297 --> ...                                                                                          [tcl] # Docked window settings
21:55:29    298 --> ...                                                                                              [tcl] gui_sync_global -id ${TopLevel.2} -option true
21:55:29    299 --> ...                                                                                                  [tcl] # MDI window settings
21:55:29    300 --> ...  [tcl] set Wave.1 Wave.1
21:55:29    301 --> ...      [tcl] gui_update_layout -id ${Wave.1} {{show_state maximized} {dock_state undocked} {dock_on_new_line false} {child_wave_left 557} {child_wave_right 1357} {child_wave_colname 276} {child_wave_colvalue 276} {child_wave_col1 0} {child_wave_col2 1}}
21:55:29    302 --> ...          [tcl] # End MDI window settings
21:55:29    303 --> ...              [tcl] #</WindowLayout>
21:55:29    304 --> ...                  [tcl] #<Database>
21:55:29    305 --> ...                      [tcl] gui_set_precision 1s
21:55:29    306 --> ...                          [tcl] gui_set_time_units 1s
21:55:29    307 --> ...                              [tcl] #</Database>
21:55:29    308 --> ...                                  [tcl] # DVE Global setting session:
21:55:29    309 --> ...                                      [tcl] # Global: Breakpoints
21:55:29    310 --> ...                                          [tcl] # Global: Bus
21:55:29    311 --> ...                                              [tcl] # Global: Expressions
21:55:29    312 --> ...                                                  [tcl] # Global: Signal Time Shift
21:55:29    313 --> ...                                                      [tcl] # Global: Signal Compare
21:55:29    314 --> ...                                                          [tcl] # Global: Signal Groups
21:55:29    315 --> ...                                                              [tcl] gui_load_child_values {testbench.R.reg1}
21:55:29    316 --> ...                                                                  [tcl] synopsys::dump -add {testbench.R.reg1} -scope "." -depth 1 -fid VPD2
21:55:29    317 --> ...                                                                      [tcl] gui_load_child_values {testbench.R.reg2}
21:55:29    318 --> ...                                                                          [tcl] synopsys::dump -add {testbench.R.reg2} -scope "." -depth 1 -fid VPD2
21:55:29    319 --> ...                                                                              [tcl] gui_load_child_values {testbench.R}
21:55:29    320 --> ...                                                                                  [tcl] synopsys::dump -add {testbench.R} -scope "." -depth 1 -fid VPD2
21:55:29    321 --> ...                                                                                      [tcl] set _session_group_2 Group1
21:55:29    322 --> ...                                                                                          [tcl] gui_sg_create "$_session_group_2"
21:55:29    323 --> ...                                                                                              [tcl] set Group1 "$_session_group_2"
21:55:29    324 --> ...                                                                                                  [tcl] gui_sg_addsignal -group "$_session_group_2" { testbench.R.clock testbench.R.reset testbench.R.serialIn testbench.R.messageBytes testbench.R.isNew testbench.R.is2bitErr testbench.R.fs_error testbench.R.fe_error testbench.R.timeToSample testbench.R.timeNextBit testbench.R.blockReceived testbench.R.S_en testbench.R.R_en testbench.R.C_en testbench.R.C_clear testbench.R.C_count testbench.R.E_en testbench.R.E_clear testbench.R.E_count testbench.R.A_en testbench.R.A_clear testbench.R.A_count testbench.R.W_en testbench.R.W_clear testbench.R.W_count testbench.R.Char_en testbench.R.Char_clear testbench.R.Char_count testbench.R.mux_out testbench.R.uncorrected testbench.R.corrected }
21:55:29    325 --> ...  [tcl] set _session_group_3 reg1
21:55:29    326 --> ...      [tcl] gui_sg_create "$_session_group_3"
21:55:29    327 --> ...          [tcl] set reg1 "$_session_group_3"
21:55:29    328 --> ...              [tcl] gui_sg_addsignal -group "$_session_group_3" { testbench.R.reg1.clock testbench.R.reg1.serial testbench.R.reg1.Q testbench.R.reg1.WIDTH testbench.R.reg1.left testbench.R.reg1.en }
21:55:29    329 --> ...                  [tcl] gui_set_radix -radix {decimal} -signals {Sim:testbench.R.reg1.WIDTH}
21:55:29    330 --> ...                      [tcl] gui_set_radix -radix {twosComplement} -signals {Sim:testbench.R.reg1.WIDTH}
21:55:29    331 --> ...                          [tcl] set _session_group_4 reg2
21:55:29    332 --> ...                              [tcl] gui_sg_create "$_session_group_4"
21:55:29    333 --> ...                                  [tcl] set reg2 "$_session_group_4"
21:55:29    334 --> ...                                      [tcl] gui_sg_addsignal -group "$_session_group_4" { testbench.R.reg2.clock testbench.R.reg2.D testbench.R.reg2.Q testbench.R.reg2.en }
21:55:29    335 --> ...                                          [tcl] # Global: Highlighting
21:55:29    336 --> ...                                              [tcl] # Global: Stack
21:55:29    337 --> ...                                                  [tcl] gui_change_stack_mode -mode list
21:55:29    338 --> ...                                                      [tcl] # Post database loading setting...
21:55:29    339 --> ...                                                          [tcl] # Save global setting...
21:55:29    340 --> ...                                                              [tcl] # Wave/List view global setting
21:55:29    341 --> ...                                                                  [tcl] gui_cov_show_value -switch false
21:55:29    342 --> ...                                                                      [tcl] # Close all empty TopLevel windows
21:55:29    343 --> ...                                                                          [tcl] foreach __top [gui_ekki_get_window_ids -type TopLevel] {     if { [llength [gui_ekki_get_window_ids -parent $__top]] == 0} {         gui_close_window -window $__top     } }
21:55:29    344 --> ...                                                                              [tcl] gui_set_loading_session_type noSession
21:55:29    345 --> ...                                                                                  [tcl] # DVE View/pane content session:
21:55:29    346 --> ...                                                                                      [tcl] # Hier 'Hier.1'
21:55:29    347 --> ...                                                                                          [tcl] gui_show_window -window ${Hier.1}
21:55:29    348 --> ...                                                                                              [tcl] gui_list_set_filter -id ${Hier.1} -list { {Package 1} {All 0} {Process 1} {VirtPowSwitch 0} {UnnamedProcess 1} {UDP 0} {Function 1} {Block 1} {SrsnAndSpaCell 0} {OVA Unit 1} {LeafScCell 1} {LeafVlgCell 1} {Interface 1} {LeafVhdCell 1} {$unit 1} {NamedBlock 1} {Task 1} {VlgPackage 1} {ClassDef 1} {VirtIsoCell 0} }
21:55:29    349 --> ...                                                                                                  [tcl] gui_list_set_filter -id ${Hier.1} -text {*}
21:55:29    350 --> ...  [tcl] gui_change_design -id ${Hier.1} -design Sim
21:55:29    351 --> ...      [tcl] catch {gui_list_expand -id ${Hier.1} testbench}
21:55:29    352 --> ...          [tcl] catch {gui_list_expand -id ${Hier.1} testbench.R}
21:55:29    353 --> ...              [tcl] catch {gui_list_select -id ${Hier.1} {testbench.R.reg1}}
21:55:29    354 --> ...                  [tcl] dveMisc::vbusExpand testbench.R.reg1
21:55:29    355 --> ...                      [tcl] gui_view_scroll -id ${Hier.1} -vertical -set 121
21:55:29    356 --> ...                          [tcl] gui_view_scroll -id ${Hier.1} -horizontal -set 0
21:55:29    357 --> ...                              [tcl] # Data 'Data.1'
21:55:29    358 --> ...                                  [tcl] gui_list_set_filter -id ${Data.1} -list { {Buffer 1} {Input 1} {Others 1} {Linkage 1} {Output 1} {LowPower 1} {Parameter 1} {All 1} {Aggregate 1} {LibBaseMember 1} {Event 1} {Assertion 1} {Constant 1} {Interface 1} {BaseMembers 1} {Signal 1} {$unit 1} {Inout 1} {Variable 1} }
21:55:29    359 --> ...                                      [tcl] gui_list_set_filter -id ${Data.1} -text {*}
21:55:29    360 --> ...                                          [tcl] gui_list_show_data -id ${Data.1} {testbench.R.reg2}
21:55:29    361 --> ...                                              [tcl] dveMisc::vbusExpand testbench.R.reg2
21:55:29    362 --> ...                                                  [tcl] gui_view_scroll -id ${Data.1} -vertical -set 0
21:55:29    363 --> ...                                                      [tcl] gui_view_scroll -id ${Data.1} -horizontal -set 0
21:55:29    364 --> ...                                                          [tcl] gui_view_scroll -id ${Hier.1} -vertical -set 121
21:55:29    365 --> ...                                                              [tcl] gui_view_scroll -id ${Hier.1} -horizontal -set 0
21:55:29    366 --> ...                                                                  [tcl] # Source 'Source.1'
21:55:29    367 --> ...                                                                      [tcl] gui_src_value_annotate -id ${Source.1} -switch false
21:55:29    368 --> ...                                                                          [tcl] gui_set_env TOGGLE::VALUEANNOTATE 0
21:55:29    369 --> ...                                                                              [tcl] gui_open_source -id ${Source.1}  -replace -active MagComp /afs/andrew.cmu.edu/usr24/xinyew/public/lab4/00_library.sv
21:55:29    370 --> ...                                                                                  [tcl] gui_view_scroll -id ${Source.1} -vertical -set 210
21:55:29    371 --> ...                                                                                      [tcl] gui_src_set_reusable -id ${Source.1}
21:55:29    372 --> ...                                                                                          [tcl] # View 'Wave.1'
21:55:29    373 --> ...                                                                                              [tcl] gui_wv_sync -id ${Wave.1} -switch false
21:55:29    374 --> ...                                                                                                  [tcl] set groupExD [gui_get_pref_value -category Wave -key exclusiveSG]
21:55:29    375 --> ...  [tcl] gui_set_pref_value -category Wave -key exclusiveSG -value {false}
21:55:29    376 --> ...      [tcl] set origWaveHeight [gui_get_pref_value -category Wave -key waveRowHeight]
21:55:29    377 --> ...          [tcl] gui_list_set_height -id Wave -height 25
21:55:29    378 --> ...              [tcl] set origGroupCreationState [gui_list_create_group_when_add -wave]
21:55:29    379 --> ...                  [tcl] gui_list_create_group_when_add -wave -disable
21:55:29    380 --> ...                      [tcl] gui_wv_zoom_timerange -id ${Wave.1} 0 445
21:55:29    381 --> ...                          [tcl] gui_list_add_group -id ${Wave.1} -after {New Group} {reg1}
21:55:29    382 --> ...                              [tcl] gui_list_add_group -id ${Wave.1} -after {New Group} {reg2}
21:55:29    383 --> ...                                  [tcl] gui_seek_criteria -id ${Wave.1} {Any Edge}
21:55:29    384 --> ...                                      [tcl] gui_set_env TOGGLE::DEFAULT_WAVE_WINDOW ${Wave.1}
21:55:29    385 --> ...                                          [tcl] gui_set_pref_value -category Wave -key exclusiveSG -value $groupExD
21:55:29    386 --> ...                                              [tcl] gui_list_set_height -id Wave -height $origWaveHeight
21:55:29    387 --> ...                                                  [tcl] if {$origGroupCreationState} { 	gui_list_create_group_when_add -wave -enable }
21:55:29    388 --> ...                                                      [tcl] if { $groupExD } {  gui_msg_report -code DVWW028 }
21:55:29    389 --> ...                                                          [tcl] gui_list_set_filter -id ${Wave.1} -list { {Buffer 1} {Input 1} {Others 1} {Linkage 1} {Output 1} {Parameter 1} {All 1} {Aggregate 1} {LibBaseMember 1} {Event 1} {Assertion 1} {Constant 1} {Interface 1} {BaseMembers 1} {Signal 1} {$unit 1} {Inout 1} {Variable 1} }
21:55:29    390 --> ...                                                              [tcl] gui_list_set_filter -id ${Wave.1} -text {*}
21:55:29    391 --> ...                                                                  [tcl] gui_list_set_insertion_bar  -id ${Wave.1} -group reg2  -position in
21:55:29    392 --> ...                                                                      [tcl] gui_view_scroll -id ${Wave.1} -vertical -set 0
21:55:29    393 --> ...                                                                          [tcl] gui_show_grid -id ${Wave.1} -enable false
21:55:29    394 --> ...                                                                              [tcl] # Restore toplevel window zorder
21:55:29    395 --> ...                                                                                  [tcl] # The toplevel window could be closed if it has no view/pane
21:55:29    396 --> ...                                                                                      [tcl] if {[gui_exist_window -window ${TopLevel.1}]} { 	gui_set_active_window -window ${TopLevel.1} 	gui_set_active_window -window ${Source.1} 	gui_set_active_window -window ${HSPane.1} }
21:55:29    397 --> ...                                                                                          [tcl] if {[gui_exist_window -window ${TopLevel.2}]} { 	gui_set_active_window -window ${TopLevel.2} 	gui_set_active_window -window ${Wave.1} }
21:55:29    398 --> ...                                                                                              [tcl] #</Session>
21:55:48    399 --> ...                                                                                                  [tcl] synopsys::run
21:55:48    400 --> ...  [tcl] set ucliGUI::state
21:55:48    401 --> ...      [tcl] gui_update_simulator_buttons
21:55:48    402 --> ...          [tcl] set ucliGUI::state
21:55:48    403 --> ...              [tcl] gui_update_simulator_buttons
21:55:50    404 --> ...                  [tcl] set ucliGUI::state
21:55:50    405 --> ...                      [tcl] set ucliGUI::state
21:55:50    406 --> ...                          [tcl] catch {senv activeDomain} dveMisc::result 
21:55:50    407 --> ...                              [tcl] set dveMisc::result
21:55:50    408 --> ...                                  [tcl] gui_update_simulator_buttons
21:59:32    409 --> ...                                      [tcl] ucliCore::getToolPID
21:59:32    410 --> ...                                          [tcl] ucliCore::getToolPID
21:59:33    411 --> ...                                              [tcl] ucliCore::getToolPID
22:24:41    412 --> ...                                                  [tcl] ucliCore::getToolPID
22:24:42    413 --> ...                                                      [tcl] ucliCore::getToolPID
22:24:42    414 --> ...                                                          [tcl] ucliCore::getToolPID
